
SQL*Loader: Release 11.2.0.2.0 - Production on Sun Aug 31 05:59:22 2014

Copyright (c) 1982, 2009, Oracle and/or its affiliates.  All rights reserved.

Control File:   cpt4.ctl
Data File:      cpt4.txt
  Bad File:     cpt4.bad
  Discard File:  none specified
 
 (Allow all discards)

Number to load: ALL
Number to skip: 1
Errors allowed: 50
Bind array:     64 rows, maximum of 256000 bytes
Continuation:    none specified
Path used:      Conventional

Table CPT4, loaded from every logical record.
Insert option in effect for this table: REPLACE
TRAILING NULLCOLS option in effect

   Column Name                  Position   Len  Term Encl Datatype
------------------------------ ---------- ----- ---- ---- ---------------------
SOURCE_CODE                         FIRST     *  WHT O(") CHARACTER            
SOURCE_CODE_DESCRIPTION              NEXT     *  WHT O(") CHARACTER            
LEN                                  NEXT     *  WHT O(") CHARACTER            


Table CPT4:
  11083 Rows successfully loaded.
  0 Rows not loaded due to data errors.
  0 Rows not loaded because all WHEN clauses were failed.
  0 Rows not loaded because all fields were null.


Space allocated for bind array:                  49536 bytes(64 rows)
Read   buffer bytes: 1048576

Total logical records skipped:          1
Total logical records read:         11083
Total logical records rejected:         0
Total logical records discarded:        0

Run began on Sun Aug 31 05:59:22 2014
Run ended on Sun Aug 31 06:01:29 2014

Elapsed time was:     00:02:06.74
CPU time was:         00:00:00.38
