
SQL*Loader: Release 11.2.0.2.0 - Production on Mon Sep 1 20:42:34 2014

Copyright (c) 1982, 2009, Oracle and/or its affiliates.  All rights reserved.

Control File:   snomed_domain.ctl
Data File:      snomed_domain.txt
  Bad File:     snomed_domain.bad
  Discard File:  none specified
 
 (Allow all discards)

Number to load: ALL
Number to skip: 0
Errors allowed: 50
Bind array:     64 rows, maximum of 256000 bytes
Continuation:    none specified
Path used:      Conventional

Table CONCEPT_DOMAIN, loaded from every logical record.
Insert option in effect for this table: REPLACE
TRAILING NULLCOLS option in effect

   Column Name                  Position   Len  Term Encl Datatype
------------------------------ ---------- ----- ---- ---- ---------------------
CONCEPT_ID                          FIRST     *  WHT O(") CHARACTER            
DOMAIN_NAME                          NEXT     *  WHT O(") CHARACTER            


Table CONCEPT_DOMAIN:
  324969 Rows successfully loaded.
  0 Rows not loaded due to data errors.
  0 Rows not loaded because all WHEN clauses were failed.
  0 Rows not loaded because all fields were null.


Space allocated for bind array:                  33024 bytes(64 rows)
Read   buffer bytes: 1048576

Total logical records skipped:          0
Total logical records read:        324969
Total logical records rejected:         0
Total logical records discarded:        0

Run began on Mon Sep 01 20:42:34 2014
Run ended on Mon Sep 01 21:13:54 2014

Elapsed time was:     00:31:20.20
CPU time was:         00:00:03.66
